Using pre-set license
Built from '2020.3/staging' branch; Version is '2020.3.8f1 (507919d4fff5) revision 5273881'; Using compiler version '192528614'; Build Type 'Release'
OS: 'Windows 10 Education; OS build 19043.985; Version 2009; 64bit' Language: 'es' Physical Memory: 7541 MB
BatchMode: 1, IsHumanControllingUs: 0, StartBugReporterOnCrash: 0, Is64bit: 1, IsPro: 0

 COMMAND LINE ARGUMENTS:
C:\Program Files\Unity\Hub\Editor\2020.3.8f1\Editor\Unity.exe
-adb2
-batchMode
-noUpm
-name
AssetImportWorker0
-projectPath
D:/_Proyectos/Unity/DelegateAndEventsDemo
-logFile
Logs/AssetImportWorker0.log
-srvPort
63041
Successfully changed project path to: D:/_Proyectos/Unity/DelegateAndEventsDemo
D:/_Proyectos/Unity/DelegateAndEventsDemo
Using Asset Import Pipeline V2.
Refreshing native plugins compatible for Editor in 22.13 ms, found 0 plugins.
Preloading 0 native plugins for Editor in 0.00 ms.
Initialize engine version: 2020.3.8f1 (507919d4fff5)
[Subsystems] Discovering subsystems at path C:/Program Files/Unity/Hub/Editor/2020.3.8f1/Editor/Data/Resources/UnitySubsystems
[Subsystems] Discovering subsystems at path D:/_Proyectos/Unity/DelegateAndEventsDemo/Assets
GfxDevice: creating device client; threaded=0
Direct3D:
    Version:  Direct3D 11.0 [level 11.1]
    Renderer: NVIDIA GeForce GTX 1050 (ID=0x1c91)
    Vendor:   
    VRAM:     2996 MB
    Driver:   27.21.14.6230
Initialize mono
Mono path[0] = 'C:/Program Files/Unity/Hub/Editor/2020.3.8f1/Editor/Data/Managed'
Mono path[1] = 'C:/Program Files/Unity/Hub/Editor/2020.3.8f1/Editor/Data/MonoBleedingEdge/lib/mono/unityjit'
Mono config path = 'C:/Program Files/Unity/Hub/Editor/2020.3.8f1/Editor/Data/MonoBleedingEdge/etc'
Using monoOptions --debugger-agent=transport=dt_socket,embedding=1,server=y,suspend=n,address=127.0.0.1:56432
Begin MonoManager ReloadAssembly
Registering precompiled unity dll's ...
Register platform support module: C:/Program Files/Unity/Hub/Editor/2020.3.8f1/Editor/Data/PlaybackEngines/WindowsStandaloneSupport/UnityEditor.WindowsStandalone.Extensions.dll
Registered in 0.003367 seconds.
Native extension for WindowsStandalone target not found
Refreshing native plugins compatible for Editor in 22.02 ms, found 0 plugins.
Preloading 0 native plugins for Editor in 0.00 ms.
Mono: successfully reloaded assembly
- Completed reload, in  1.364 seconds
Platform modules already initialized, skipping
Registering precompiled user dll's ...
Registered in 0.002498 seconds.
Begin MonoManager ReloadAssembly
Native extension for WindowsStandalone target not found
Refreshing native plugins compatible for Editor in 0.22 ms, found 0 plugins.
Preloading 0 native plugins for Editor in 0.00 ms.
Mono: successfully reloaded assembly
- Completed reload, in  0.791 seconds
Platform modules already initialized, skipping
========================================================================
Worker process is ready to serve import requests
Launched and connected shader compiler UnityShaderCompiler.exe after 0.04 seconds
Refreshing native plugins compatible for Editor in 0.20 ms, found 0 plugins.
Preloading 0 native plugins for Editor in 0.00 ms.
Unloading 1115 Unused Serialized files (Serialized files now loaded: 0)
System memory in use before: 57.2 MB.
System memory in use after: 57.2 MB.

Unloading 10 unused Assets to reduce memory usage. Loaded Objects now: 1558.
Total: 1.902400 ms (FindLiveObjects: 0.135900 ms CreateObjectMapping: 0.027700 ms MarkObjects: 1.623600 ms  DeleteObjects: 0.113500 ms)

========================================================================
Received Import Request.
  path: Assets
  artifactKey: Guid(00000000000000001000000000000000) Importer(815301076,1909f56bfc062723c751e8b465ee728b)
Start importing Assets using Guid(00000000000000001000000000000000) Importer(815301076,1909f56bfc062723c751e8b465ee728b)  -> (artifact id: '42d402b061de3733987d63b9cc3b64de') in 0.009638 seconds
  Import took 0.012682 seconds .

========================================================================
Received Import Request.
  Time since last request: 6.199544 seconds.
  path: Assets/Scripts
  artifactKey: Guid(3fe1c8910794a834faf67af48e48a646) Importer(815301076,1909f56bfc062723c751e8b465ee728b)
Start importing Assets/Scripts using Guid(3fe1c8910794a834faf67af48e48a646) Importer(815301076,1909f56bfc062723c751e8b465ee728b)  -> (artifact id: '15a859f9f9c91b69d05672b16893b09e') in 0.007757 seconds
  Import took 0.010343 seconds .

========================================================================
Received Import Request.
  Time since last request: 23.296961 seconds.
  path: Assets/Scripts/CoinsSpawner.cs
  artifactKey: Guid(2a303b9106fafd4429f5e4f3e3450ba1) Importer(815301076,1909f56bfc062723c751e8b465ee728b)
Start importing Assets/Scripts/CoinsSpawner.cs using Guid(2a303b9106fafd4429f5e4f3e3450ba1) Importer(815301076,1909f56bfc062723c751e8b465ee728b)  -> (artifact id: 'ae4e3e56589672b2fa0076c9462687d8') in 0.038049 seconds
  Import took 0.040595 seconds .

========================================================================
Received Prepare
Registering precompiled user dll's ...
Registered in 0.000607 seconds.
Begin MonoManager ReloadAssembly
Native extension for WindowsStandalone target not found
Refreshing native plugins compatible for Editor in 0.21 ms, found 0 plugins.
Preloading 0 native plugins for Editor in 0.00 ms.
Mono: successfully reloaded assembly
- Completed reload, in  0.713 seconds
Platform modules already initialized, skipping
Refreshing native plugins compatible for Editor in 0.20 ms, found 0 plugins.
Preloading 0 native plugins for Editor in 0.00 ms.
Unloading 1111 Unused Serialized files (Serialized files now loaded: 0)
System memory in use before: 57.2 MB.
System memory in use after: 57.2 MB.

Unloading 5 unused Assets to reduce memory usage. Loaded Objects now: 1562.
Total: 2.019400 ms (FindLiveObjects: 0.181600 ms CreateObjectMapping: 0.051500 ms MarkObjects: 1.731500 ms  DeleteObjects: 0.053500 ms)

========================================================================
Received Prepare
Registering precompiled user dll's ...
Registered in 0.000779 seconds.
Begin MonoManager ReloadAssembly
Native extension for WindowsStandalone target not found
Refreshing native plugins compatible for Editor in 0.48 ms, found 0 plugins.
Preloading 0 native plugins for Editor in 0.00 ms.
Mono: successfully reloaded assembly
- Completed reload, in  0.734 seconds
Platform modules already initialized, skipping
Refreshing native plugins compatible for Editor in 0.21 ms, found 0 plugins.
Preloading 0 native plugins for Editor in 0.00 ms.
Unloading 1111 Unused Serialized files (Serialized files now loaded: 0)
System memory in use before: 57.2 MB.
System memory in use after: 57.2 MB.

Unloading 5 unused Assets to reduce memory usage. Loaded Objects now: 1565.
Total: 1.960100 ms (FindLiveObjects: 0.174500 ms CreateObjectMapping: 0.032400 ms MarkObjects: 1.701100 ms  DeleteObjects: 0.050400 ms)

========================================================================
Received Import Request.
  Time since last request: 167.946510 seconds.
  path: Assets/Scripts/CoinsSpawner.cs
  artifactKey: Guid(2a303b9106fafd4429f5e4f3e3450ba1) Importer(815301076,1909f56bfc062723c751e8b465ee728b)
Start importing Assets/Scripts/CoinsSpawner.cs using Guid(2a303b9106fafd4429f5e4f3e3450ba1) Importer(815301076,1909f56bfc062723c751e8b465ee728b)  -> (artifact id: 'd8ebe467e9dafa17fd20aac3738222d6') in 0.014703 seconds
  Import took 0.016571 seconds .

========================================================================
Received Import Request.
  Time since last request: 7.876870 seconds.
  path: Assets/Scripts/LinealObjectsSpawner.cs
  artifactKey: Guid(2a303b9106fafd4429f5e4f3e3450ba1) Importer(815301076,1909f56bfc062723c751e8b465ee728b)
Start importing Assets/Scripts/LinealObjectsSpawner.cs using Guid(2a303b9106fafd4429f5e4f3e3450ba1) Importer(815301076,1909f56bfc062723c751e8b465ee728b)  -> (artifact id: '9dd50558a8a023bbfed72d20361ad2fa') in 0.008070 seconds
  Import took 0.010466 seconds .

========================================================================
Received Prepare
Registering precompiled user dll's ...
Registered in 0.000769 seconds.
Begin MonoManager ReloadAssembly
Native extension for WindowsStandalone target not found
Refreshing native plugins compatible for Editor in 0.21 ms, found 0 plugins.
Preloading 0 native plugins for Editor in 0.00 ms.
Mono: successfully reloaded assembly
- Completed reload, in  0.741 seconds
Platform modules already initialized, skipping
Refreshing native plugins compatible for Editor in 0.22 ms, found 0 plugins.
Preloading 0 native plugins for Editor in 0.00 ms.
Unloading 1111 Unused Serialized files (Serialized files now loaded: 0)
System memory in use before: 57.2 MB.
System memory in use after: 57.3 MB.

Unloading 5 unused Assets to reduce memory usage. Loaded Objects now: 1568.
Total: 1.566800 ms (FindLiveObjects: 0.187200 ms CreateObjectMapping: 0.051900 ms MarkObjects: 1.276700 ms  DeleteObjects: 0.049500 ms)

========================================================================
Received Prepare
Registering precompiled user dll's ...
Registered in 0.000669 seconds.
Begin MonoManager ReloadAssembly
Native extension for WindowsStandalone target not found
Refreshing native plugins compatible for Editor in 0.21 ms, found 0 plugins.
Preloading 0 native plugins for Editor in 0.00 ms.
Mono: successfully reloaded assembly
- Completed reload, in  0.726 seconds
Platform modules already initialized, skipping
Refreshing native plugins compatible for Editor in 0.22 ms, found 0 plugins.
Preloading 0 native plugins for Editor in 0.00 ms.
Unloading 1111 Unused Serialized files (Serialized files now loaded: 0)
System memory in use before: 57.2 MB.
System memory in use after: 57.3 MB.

Unloading 5 unused Assets to reduce memory usage. Loaded Objects now: 1571.
Total: 1.899900 ms (FindLiveObjects: 0.187600 ms CreateObjectMapping: 0.052600 ms MarkObjects: 1.606500 ms  DeleteObjects: 0.051100 ms)

========================================================================
Received Import Request.
  Time since last request: 215.255624 seconds.
  path: Assets/Scripts/LinealObjectsSpawner.cs
  artifactKey: Guid(2a303b9106fafd4429f5e4f3e3450ba1) Importer(815301076,1909f56bfc062723c751e8b465ee728b)
Start importing Assets/Scripts/LinealObjectsSpawner.cs using Guid(2a303b9106fafd4429f5e4f3e3450ba1) Importer(815301076,1909f56bfc062723c751e8b465ee728b)  -> (artifact id: 'da17b83d570fcceb478ec3f49d454964') in 0.005099 seconds
  Import took 0.006852 seconds .

========================================================================
Received Import Request.
  Time since last request: 30.938301 seconds.
  path: Assets/RPG Pack/Materials/Stars_particles.mat
  artifactKey: Guid(f47e41e4ec1f46641a912dd7f8b381d9) Importer(815301076,1909f56bfc062723c751e8b465ee728b)
Start importing Assets/RPG Pack/Materials/Stars_particles.mat using Guid(f47e41e4ec1f46641a912dd7f8b381d9) Importer(815301076,1909f56bfc062723c751e8b465ee728b)  -> (artifact id: '63a2d8836cf2bddab81cacffac9cf2bd') in 0.107109 seconds
  Import took 0.110322 seconds .

========================================================================
Received Import Request.
  Time since last request: 60.719847 seconds.
  path: ProjectSettings/TagManager.asset
  artifactKey: Guid(00000000000000003000000000000000) Importer(815301076,1909f56bfc062723c751e8b465ee728b)
Start importing ProjectSettings/TagManager.asset using Guid(00000000000000003000000000000000) Importer(815301076,1909f56bfc062723c751e8b465ee728b)  -> (artifact id: 'ce6a35c3cddc746e7501c0bd0ed6d4ce') in 0.013590 seconds
  Import took 0.015948 seconds .

========================================================================
Received Import Request.
  Time since last request: 28.725056 seconds.
  path: ProjectSettings/TagManager.asset
  artifactKey: Guid(00000000000000003000000000000000) Importer(815301076,1909f56bfc062723c751e8b465ee728b)
Start importing ProjectSettings/TagManager.asset using Guid(00000000000000003000000000000000) Importer(815301076,1909f56bfc062723c751e8b465ee728b)  -> (artifact id: '11474a7976e8221e18c33fb549c17d09') in 0.003248 seconds
  Import took 0.005205 seconds .

========================================================================
Received Import Request.
  Time since last request: 30.736376 seconds.
  path: Assets/RPG Pack/Prefabs/Bottle_Mana.prefab
  artifactKey: Guid(2cf6690298568294cb6b655c0a3aeb87) Importer(815301076,1909f56bfc062723c751e8b465ee728b)
Start importing Assets/RPG Pack/Prefabs/Bottle_Mana.prefab using Guid(2cf6690298568294cb6b655c0a3aeb87) Importer(815301076,1909f56bfc062723c751e8b465ee728b)  -> (artifact id: '2e735dcaa887ceeb4ba4a8695f10f7ea') in 0.253880 seconds
  Import took 0.256769 seconds .

========================================================================
Received Import Request.
  Time since last request: 2.617513 seconds.
  path: Assets/RPG Pack/Prefabs/Coin.prefab
  artifactKey: Guid(5142a683d65bbf84abea6f07db9099c7) Importer(815301076,1909f56bfc062723c751e8b465ee728b)
Start importing Assets/RPG Pack/Prefabs/Coin.prefab using Guid(5142a683d65bbf84abea6f07db9099c7) Importer(815301076,1909f56bfc062723c751e8b465ee728b)  -> (artifact id: '56196ced28999e740b65ab9b1dccd640') in 0.208451 seconds
  Import took 0.211202 seconds .

========================================================================
Received Import Request.
  Time since last request: 1.610815 seconds.
  path: Assets/RPG Pack/Prefabs/BoxOfPandora.prefab
  artifactKey: Guid(efebddd0b5766bd499be8b63f581de68) Importer(815301076,1909f56bfc062723c751e8b465ee728b)
Start importing Assets/RPG Pack/Prefabs/BoxOfPandora.prefab using Guid(efebddd0b5766bd499be8b63f581de68) Importer(815301076,1909f56bfc062723c751e8b465ee728b)  -> (artifact id: 'a7fe77a78b828f472061a390b144aead') in 0.116133 seconds
  Import took 0.118927 seconds .

========================================================================
Received Import Request.
  Time since last request: 35.698426 seconds.
  path: Assets/_GameAssets
  artifactKey: Guid(ea61663fa500de24b8d016fe3006bac1) Importer(815301076,1909f56bfc062723c751e8b465ee728b)
Start importing Assets/_GameAssets using Guid(ea61663fa500de24b8d016fe3006bac1) Importer(815301076,1909f56bfc062723c751e8b465ee728b)  -> (artifact id: 'e2bd88c46923d6eedc2557b3e6caf13c') in 0.007557 seconds
  Import took 0.010481 seconds .

========================================================================
Received Import Request.
  Time since last request: 1.952129 seconds.
  path: Assets/Scenes
  artifactKey: Guid(c38007efac6666141b9e5dfbdcc69783) Importer(815301076,1909f56bfc062723c751e8b465ee728b)
Start importing Assets/Scenes using Guid(c38007efac6666141b9e5dfbdcc69783) Importer(815301076,1909f56bfc062723c751e8b465ee728b)  -> (artifact id: '00566e882868a0f69e28abcb6859b31f') in 0.007043 seconds
  Import took 0.011702 seconds .

========================================================================
Received Import Request.
  Time since last request: 0.000342 seconds.
  path: Assets/Scenes
  artifactKey: Guid(c38007efac6666141b9e5dfbdcc69783) Importer(815301076,1909f56bfc062723c751e8b465ee728b)
Start importing Assets/Scenes using Guid(c38007efac6666141b9e5dfbdcc69783) Importer(815301076,1909f56bfc062723c751e8b465ee728b)  -> (artifact id: '00566e882868a0f69e28abcb6859b31f') in 0.002498 seconds
  Import took 0.004348 seconds .

========================================================================
Received Prepare
Registering precompiled user dll's ...
Registered in 0.000568 seconds.
Begin MonoManager ReloadAssembly
Native extension for WindowsStandalone target not found
Refreshing native plugins compatible for Editor in 0.21 ms, found 0 plugins.
Preloading 0 native plugins for Editor in 0.00 ms.
Mono: successfully reloaded assembly
- Completed reload, in  0.702 seconds
Platform modules already initialized, skipping
Refreshing native plugins compatible for Editor in 0.21 ms, found 0 plugins.
Preloading 0 native plugins for Editor in 0.00 ms.
Unloading 1111 Unused Serialized files (Serialized files now loaded: 0)
System memory in use before: 60.6 MB.
System memory in use after: 60.7 MB.

Unloading 7 unused Assets to reduce memory usage. Loaded Objects now: 1615.
Total: 2.302100 ms (FindLiveObjects: 0.188100 ms CreateObjectMapping: 0.052500 ms MarkObjects: 2.006300 ms  DeleteObjects: 0.053700 ms)

========================================================================
Received Import Request.
  Time since last request: 13.570996 seconds.
  path: Assets/_GameAssets/Prefabs
  artifactKey: Guid(d73c9173bf2f7b741a63e599b2795122) Importer(815301076,1909f56bfc062723c751e8b465ee728b)
Start importing Assets/_GameAssets/Prefabs using Guid(d73c9173bf2f7b741a63e599b2795122) Importer(815301076,1909f56bfc062723c751e8b465ee728b)  -> (artifact id: '45409ea8d02cc42395e59702ddca168b') in 0.009032 seconds
  Import took 0.010993 seconds .

========================================================================
Received Import Request.
  Time since last request: 12.607165 seconds.
  path: Assets/_GameAssets/Prefabs/Bottle_Health.prefab
  artifactKey: Guid(72faeaf411af2e541a7cd06d867b0b2b) Importer(815301076,1909f56bfc062723c751e8b465ee728b)
Start importing Assets/_GameAssets/Prefabs/Bottle_Health.prefab using Guid(72faeaf411af2e541a7cd06d867b0b2b) Importer(815301076,1909f56bfc062723c751e8b465ee728b)  -> (artifact id: '3a41115289da4dcee6a1af7052f71ff9') in 0.066587 seconds
  Import took 0.069594 seconds .

========================================================================
Received Import Request.
  Time since last request: 1.397785 seconds.
  path: Assets/_GameAssets/Prefabs/Bottle_Endurance.prefab
  artifactKey: Guid(2ac531624a767d143a9b968b45753871) Importer(815301076,1909f56bfc062723c751e8b465ee728b)
Start importing Assets/_GameAssets/Prefabs/Bottle_Endurance.prefab using Guid(2ac531624a767d143a9b968b45753871) Importer(815301076,1909f56bfc062723c751e8b465ee728b)  -> (artifact id: 'ebfb50a06e18955cf9e9730c01aa1666') in 0.021696 seconds
  Import took 0.024093 seconds .

========================================================================
Received Import Request.
  Time since last request: 1.446439 seconds.
  path: Assets/_GameAssets/Prefabs/Bottle_Mana.prefab
  artifactKey: Guid(11cc8e7126da9574f8309f4cef3691ab) Importer(815301076,1909f56bfc062723c751e8b465ee728b)
Start importing Assets/_GameAssets/Prefabs/Bottle_Mana.prefab using Guid(11cc8e7126da9574f8309f4cef3691ab) Importer(815301076,1909f56bfc062723c751e8b465ee728b)  -> (artifact id: 'cb5798ade0b4ee4a4f85449c5cbc4eee') in 0.043200 seconds
  Import took 0.046082 seconds .

========================================================================
Received Import Request.
  Time since last request: 16.095319 seconds.
  path: Assets/_GameAssets/Prefabs/Bottle_Health.prefab
  artifactKey: Guid(72faeaf411af2e541a7cd06d867b0b2b) Importer(815301076,1909f56bfc062723c751e8b465ee728b)
Start importing Assets/_GameAssets/Prefabs/Bottle_Health.prefab using Guid(72faeaf411af2e541a7cd06d867b0b2b) Importer(815301076,1909f56bfc062723c751e8b465ee728b)  -> (artifact id: '12bed30eacb4cac3e6a009e2c405407d') in 0.017461 seconds
  Import took 0.019929 seconds .

========================================================================
Received Prepare
Registering precompiled user dll's ...
Registered in 0.000621 seconds.
Begin MonoManager ReloadAssembly
Native extension for WindowsStandalone target not found
Refreshing native plugins compatible for Editor in 0.23 ms, found 0 plugins.
Preloading 0 native plugins for Editor in 0.00 ms.
Mono: successfully reloaded assembly
- Completed reload, in  0.735 seconds
Platform modules already initialized, skipping
Refreshing native plugins compatible for Editor in 0.21 ms, found 0 plugins.
Preloading 0 native plugins for Editor in 0.00 ms.
Unloading 1112 Unused Serialized files (Serialized files now loaded: 0)
System memory in use before: 60.7 MB.
System memory in use after: 60.8 MB.

Unloading 5 unused Assets to reduce memory usage. Loaded Objects now: 1620.
Total: 2.203300 ms (FindLiveObjects: 0.229600 ms CreateObjectMapping: 0.068800 ms MarkObjects: 1.851400 ms  DeleteObjects: 0.052100 ms)

========================================================================
Received Import Request.
  Time since last request: 51.159392 seconds.
  path: Assets/_GameAssets/Scripts/Player.cs
  artifactKey: Guid(7aac0cc3ea31efe489fb294807d8ca5f) Importer(815301076,1909f56bfc062723c751e8b465ee728b)
Start importing Assets/_GameAssets/Scripts/Player.cs using Guid(7aac0cc3ea31efe489fb294807d8ca5f) Importer(815301076,1909f56bfc062723c751e8b465ee728b)  -> (artifact id: 'a0a9d4353f53301c4e89d636070a4d07') in 0.009629 seconds
  Import took 0.011776 seconds .

========================================================================
Received Prepare
Registering precompiled user dll's ...
Registered in 0.000615 seconds.
Begin MonoManager ReloadAssembly
Native extension for WindowsStandalone target not found
Refreshing native plugins compatible for Editor in 0.22 ms, found 0 plugins.
Preloading 0 native plugins for Editor in 0.00 ms.
Mono: successfully reloaded assembly
- Completed reload, in  0.725 seconds
Platform modules already initialized, skipping
Refreshing native plugins compatible for Editor in 0.22 ms, found 0 plugins.
Preloading 0 native plugins for Editor in 0.00 ms.
Unloading 1112 Unused Serialized files (Serialized files now loaded: 0)
System memory in use before: 60.7 MB.
System memory in use after: 60.8 MB.

Unloading 5 unused Assets to reduce memory usage. Loaded Objects now: 1623.
Total: 2.283300 ms (FindLiveObjects: 0.189600 ms CreateObjectMapping: 0.051800 ms MarkObjects: 1.986700 ms  DeleteObjects: 0.053900 ms)

========================================================================
Received Import Request.
  Time since last request: 82.249837 seconds.
  path: Assets/_GameAssets/Prefabs/Bottle_Endurance.prefab
  artifactKey: Guid(2ac531624a767d143a9b968b45753871) Importer(815301076,1909f56bfc062723c751e8b465ee728b)
Start importing Assets/_GameAssets/Prefabs/Bottle_Endurance.prefab using Guid(2ac531624a767d143a9b968b45753871) Importer(815301076,1909f56bfc062723c751e8b465ee728b)  -> (artifact id: 'b40499f62b6f9481782fe6da4695e913') in 0.063418 seconds
  Import took 0.066207 seconds .

========================================================================
Received Import Request.
  Time since last request: 2.672378 seconds.
  path: Assets/_GameAssets/Prefabs/Bottle_Endurance.prefab
  artifactKey: Guid(2ac531624a767d143a9b968b45753871) Importer(815301076,1909f56bfc062723c751e8b465ee728b)
Start importing Assets/_GameAssets/Prefabs/Bottle_Endurance.prefab using Guid(2ac531624a767d143a9b968b45753871) Importer(815301076,1909f56bfc062723c751e8b465ee728b)  -> (artifact id: 'ded8d04f4ccd866cfa37240f2c0ffda4') in 0.021953 seconds
  Import took 0.024723 seconds .

========================================================================
Received Import Request.
  Time since last request: 0.000604 seconds.
  path: Assets/_GameAssets/Prefabs/Bottle_Endurance.prefab
  artifactKey: Guid(2ac531624a767d143a9b968b45753871) Importer(815301076,1909f56bfc062723c751e8b465ee728b)
Start importing Assets/_GameAssets/Prefabs/Bottle_Endurance.prefab using Guid(2ac531624a767d143a9b968b45753871) Importer(815301076,1909f56bfc062723c751e8b465ee728b)  -> (artifact id: 'ded8d04f4ccd866cfa37240f2c0ffda4') in 0.014634 seconds
  Import took 0.017238 seconds .

========================================================================
Received Import Request.
  Time since last request: 2.208600 seconds.
  path: Assets/_GameAssets/Prefabs/Bottle_Mana.prefab
  artifactKey: Guid(11cc8e7126da9574f8309f4cef3691ab) Importer(815301076,1909f56bfc062723c751e8b465ee728b)
Start importing Assets/_GameAssets/Prefabs/Bottle_Mana.prefab using Guid(11cc8e7126da9574f8309f4cef3691ab) Importer(815301076,1909f56bfc062723c751e8b465ee728b)  -> (artifact id: 'ab8ad821ec802afc7cdd3a4bf6f1080f') in 0.016494 seconds
  Import took 0.020707 seconds .

========================================================================
Received Import Request.
  Time since last request: 1.469888 seconds.
  path: Assets/_GameAssets/Prefabs/Bottle_Mana.prefab
  artifactKey: Guid(11cc8e7126da9574f8309f4cef3691ab) Importer(815301076,1909f56bfc062723c751e8b465ee728b)
Start importing Assets/_GameAssets/Prefabs/Bottle_Mana.prefab using Guid(11cc8e7126da9574f8309f4cef3691ab) Importer(815301076,1909f56bfc062723c751e8b465ee728b)  -> (artifact id: '7fbe38734c719fc644e798b66a613bd2') in 0.016634 seconds
  Import took 0.019799 seconds .

========================================================================
Received Prepare
Registering precompiled user dll's ...
Registered in 0.000612 seconds.
Begin MonoManager ReloadAssembly
Native extension for WindowsStandalone target not found
Refreshing native plugins compatible for Editor in 0.24 ms, found 0 plugins.
Preloading 0 native plugins for Editor in 0.00 ms.
Mono: successfully reloaded assembly
- Completed reload, in  0.724 seconds
Platform modules already initialized, skipping
Refreshing native plugins compatible for Editor in 0.21 ms, found 0 plugins.
Preloading 0 native plugins for Editor in 0.00 ms.
Unloading 1112 Unused Serialized files (Serialized files now loaded: 0)
System memory in use before: 60.8 MB.
System memory in use after: 60.8 MB.

Unloading 5 unused Assets to reduce memory usage. Loaded Objects now: 1627.
Total: 2.416800 ms (FindLiveObjects: 0.184200 ms CreateObjectMapping: 0.027300 ms MarkObjects: 2.149300 ms  DeleteObjects: 0.054500 ms)

========================================================================
Received Prepare
Registering precompiled user dll's ...
Registered in 0.000685 seconds.
Begin MonoManager ReloadAssembly
Native extension for WindowsStandalone target not found
Refreshing native plugins compatible for Editor in 0.23 ms, found 0 plugins.
Preloading 0 native plugins for Editor in 0.00 ms.
Mono: successfully reloaded assembly
- Completed reload, in  0.733 seconds
Platform modules already initialized, skipping
Refreshing native plugins compatible for Editor in 0.29 ms, found 0 plugins.
Preloading 0 native plugins for Editor in 0.00 ms.
Unloading 1112 Unused Serialized files (Serialized files now loaded: 0)
System memory in use before: 60.8 MB.
System memory in use after: 60.8 MB.

Unloading 5 unused Assets to reduce memory usage. Loaded Objects now: 1630.
Total: 1.705400 ms (FindLiveObjects: 0.155100 ms CreateObjectMapping: 0.026800 ms MarkObjects: 1.458500 ms  DeleteObjects: 0.063300 ms)

========================================================================
Received Prepare
Registering precompiled user dll's ...
Registered in 0.000808 seconds.
Begin MonoManager ReloadAssembly
Native extension for WindowsStandalone target not found
Refreshing native plugins compatible for Editor in 0.23 ms, found 0 plugins.
Preloading 0 native plugins for Editor in 0.00 ms.
Mono: successfully reloaded assembly
- Completed reload, in  0.727 seconds
Platform modules already initialized, skipping
Refreshing native plugins compatible for Editor in 0.21 ms, found 0 plugins.
Preloading 0 native plugins for Editor in 0.00 ms.
Unloading 1112 Unused Serialized files (Serialized files now loaded: 0)
System memory in use before: 60.8 MB.
System memory in use after: 60.8 MB.

Unloading 5 unused Assets to reduce memory usage. Loaded Objects now: 1633.
Total: 2.014800 ms (FindLiveObjects: 0.149300 ms CreateObjectMapping: 0.028100 ms MarkObjects: 1.775100 ms  DeleteObjects: 0.060900 ms)

========================================================================
Received Prepare
Registering precompiled user dll's ...
Registered in 0.001184 seconds.
Begin MonoManager ReloadAssembly
Native extension for WindowsStandalone target not found
Refreshing native plugins compatible for Editor in 0.67 ms, found 0 plugins.
Preloading 0 native plugins for Editor in 0.00 ms.
Mono: successfully reloaded assembly
- Completed reload, in  0.751 seconds
Platform modules already initialized, skipping
Refreshing native plugins compatible for Editor in 0.27 ms, found 0 plugins.
Preloading 0 native plugins for Editor in 0.00 ms.
Unloading 1112 Unused Serialized files (Serialized files now loaded: 0)
System memory in use before: 60.8 MB.
System memory in use after: 60.8 MB.

Unloading 5 unused Assets to reduce memory usage. Loaded Objects now: 1636.
Total: 1.795800 ms (FindLiveObjects: 0.192700 ms CreateObjectMapping: 0.055800 ms MarkObjects: 1.482900 ms  DeleteObjects: 0.063100 ms)

========================================================================
Received Import Request.
  Time since last request: 361.585999 seconds.
  path: Assets/_GameAssets/Scripts/Player.cs
  artifactKey: Guid(7aac0cc3ea31efe489fb294807d8ca5f) Importer(815301076,1909f56bfc062723c751e8b465ee728b)
Start importing Assets/_GameAssets/Scripts/Player.cs using Guid(7aac0cc3ea31efe489fb294807d8ca5f) Importer(815301076,1909f56bfc062723c751e8b465ee728b)  -> (artifact id: '6745f5c5a140bce79e82fd20f745ba41') in 0.004853 seconds
  Import took 0.012475 seconds .

========================================================================
Received Prepare
Registering precompiled user dll's ...
Registered in 0.000632 seconds.
Begin MonoManager ReloadAssembly
Native extension for WindowsStandalone target not found
Refreshing native plugins compatible for Editor in 0.21 ms, found 0 plugins.
Preloading 0 native plugins for Editor in 0.00 ms.
Mono: successfully reloaded assembly
- Completed reload, in  0.705 seconds
Platform modules already initialized, skipping
Refreshing native plugins compatible for Editor in 0.21 ms, found 0 plugins.
Preloading 0 native plugins for Editor in 0.00 ms.
Unloading 1112 Unused Serialized files (Serialized files now loaded: 0)
System memory in use before: 60.8 MB.
System memory in use after: 60.8 MB.

Unloading 5 unused Assets to reduce memory usage. Loaded Objects now: 1639.
Total: 2.280100 ms (FindLiveObjects: 0.192900 ms CreateObjectMapping: 0.052800 ms MarkObjects: 1.975800 ms  DeleteObjects: 0.056700 ms)

========================================================================
Received Import Request.
  Time since last request: 19.003742 seconds.
  path: Assets/_GameAssets/Scripts/Player.cs
  artifactKey: Guid(7aac0cc3ea31efe489fb294807d8ca5f) Importer(815301076,1909f56bfc062723c751e8b465ee728b)
Start importing Assets/_GameAssets/Scripts/Player.cs using Guid(7aac0cc3ea31efe489fb294807d8ca5f) Importer(815301076,1909f56bfc062723c751e8b465ee728b)  -> (artifact id: '23b6223d2a118ac60074fe62b5239dea') in 0.004707 seconds
  Import took 0.007278 seconds .

========================================================================
Received Prepare
Registering precompiled user dll's ...
Registered in 0.000766 seconds.
Begin MonoManager ReloadAssembly
Native extension for WindowsStandalone target not found
Refreshing native plugins compatible for Editor in 0.21 ms, found 0 plugins.
Preloading 0 native plugins for Editor in 0.00 ms.
Mono: successfully reloaded assembly
- Completed reload, in  0.704 seconds
Platform modules already initialized, skipping
Refreshing native plugins compatible for Editor in 0.20 ms, found 0 plugins.
Preloading 0 native plugins for Editor in 0.00 ms.
Unloading 1112 Unused Serialized files (Serialized files now loaded: 0)
System memory in use before: 60.8 MB.
System memory in use after: 60.9 MB.

Unloading 5 unused Assets to reduce memory usage. Loaded Objects now: 1642.
Total: 1.976700 ms (FindLiveObjects: 0.155200 ms CreateObjectMapping: 0.026800 ms MarkObjects: 1.738400 ms  DeleteObjects: 0.055000 ms)

========================================================================
Received Import Request.
  Time since last request: 32.023742 seconds.
  path: Assets/_GameAssets/Scripts/Player.cs
  artifactKey: Guid(7aac0cc3ea31efe489fb294807d8ca5f) Importer(815301076,1909f56bfc062723c751e8b465ee728b)
Start importing Assets/_GameAssets/Scripts/Player.cs using Guid(7aac0cc3ea31efe489fb294807d8ca5f) Importer(815301076,1909f56bfc062723c751e8b465ee728b)  -> (artifact id: '012f432473fe9fa48cbd9644d94e581f') in 0.004202 seconds
  Import took 0.005961 seconds .

========================================================================
Received Prepare
Registering precompiled user dll's ...
Registered in 0.000616 seconds.
Begin MonoManager ReloadAssembly
Native extension for WindowsStandalone target not found
Refreshing native plugins compatible for Editor in 0.21 ms, found 0 plugins.
Preloading 0 native plugins for Editor in 0.00 ms.
Mono: successfully reloaded assembly
- Completed reload, in  0.713 seconds
Platform modules already initialized, skipping
Refreshing native plugins compatible for Editor in 0.21 ms, found 0 plugins.
Preloading 0 native plugins for Editor in 0.00 ms.
Unloading 1112 Unused Serialized files (Serialized files now loaded: 0)
System memory in use before: 60.8 MB.
System memory in use after: 60.9 MB.

Unloading 5 unused Assets to reduce memory usage. Loaded Objects now: 1645.
Total: 2.325100 ms (FindLiveObjects: 0.251400 ms CreateObjectMapping: 0.068800 ms MarkObjects: 1.947400 ms  DeleteObjects: 0.055700 ms)

========================================================================
Received Import Request.
  Time since last request: 239.727948 seconds.
  path: Assets/_GameAssets/Scripts/Player.cs
  artifactKey: Guid(7aac0cc3ea31efe489fb294807d8ca5f) Importer(815301076,1909f56bfc062723c751e8b465ee728b)
Start importing Assets/_GameAssets/Scripts/Player.cs using Guid(7aac0cc3ea31efe489fb294807d8ca5f) Importer(815301076,1909f56bfc062723c751e8b465ee728b)  -> (artifact id: '046502f811d358bb5794c5bccec8c4fb') in 0.004492 seconds
  Import took 0.006588 seconds .

========================================================================
Received Import Request.
  Time since last request: 17.010415 seconds.
  path: Assets/_GameAssets/Scripts/GestorEventosCanvas.cs
  artifactKey: Guid(eed8dc1e58631104f9e65cfa7de44770) Importer(815301076,1909f56bfc062723c751e8b465ee728b)
Start importing Assets/_GameAssets/Scripts/GestorEventosCanvas.cs using Guid(eed8dc1e58631104f9e65cfa7de44770) Importer(815301076,1909f56bfc062723c751e8b465ee728b)  -> (artifact id: '80aa37ffe999f296cd4ca6a2b2399f53') in 0.008051 seconds
  Import took 0.010082 seconds .

========================================================================
Received Prepare
Registering precompiled user dll's ...
Registered in 0.000837 seconds.
Begin MonoManager ReloadAssembly
Native extension for WindowsStandalone target not found
Refreshing native plugins compatible for Editor in 0.22 ms, found 0 plugins.
Preloading 0 native plugins for Editor in 0.00 ms.
Mono: successfully reloaded assembly
- Completed reload, in  0.720 seconds
Platform modules already initialized, skipping
Refreshing native plugins compatible for Editor in 0.24 ms, found 0 plugins.
Preloading 0 native plugins for Editor in 0.00 ms.
Unloading 1113 Unused Serialized files (Serialized files now loaded: 0)
System memory in use before: 60.8 MB.
System memory in use after: 60.9 MB.

Unloading 5 unused Assets to reduce memory usage. Loaded Objects now: 1649.
Total: 2.644600 ms (FindLiveObjects: 0.242600 ms CreateObjectMapping: 0.065900 ms MarkObjects: 2.279400 ms  DeleteObjects: 0.054400 ms)

========================================================================
Received Import Request.
  Time since last request: 40.716911 seconds.
  path: Assets/_GameAssets/Scripts/EmisorEventos.cs
  artifactKey: Guid(7aac0cc3ea31efe489fb294807d8ca5f) Importer(815301076,1909f56bfc062723c751e8b465ee728b)
Start importing Assets/_GameAssets/Scripts/EmisorEventos.cs using Guid(7aac0cc3ea31efe489fb294807d8ca5f) Importer(815301076,1909f56bfc062723c751e8b465ee728b)  -> (artifact id: 'c4dd725f67d5621856c36a332a84b8e8') in 0.010662 seconds
  Import took 0.014556 seconds .

========================================================================
Received Prepare
Registering precompiled user dll's ...
Registered in 0.000658 seconds.
Begin MonoManager ReloadAssembly
Native extension for WindowsStandalone target not found
Refreshing native plugins compatible for Editor in 0.23 ms, found 0 plugins.
Preloading 0 native plugins for Editor in 0.00 ms.
Mono: successfully reloaded assembly
- Completed reload, in  0.721 seconds
Platform modules already initialized, skipping
Refreshing native plugins compatible for Editor in 0.21 ms, found 0 plugins.
Preloading 0 native plugins for Editor in 0.00 ms.
Unloading 1113 Unused Serialized files (Serialized files now loaded: 0)
System memory in use before: 60.8 MB.
System memory in use after: 60.9 MB.

Unloading 5 unused Assets to reduce memory usage. Loaded Objects now: 1652.
Total: 1.902300 ms (FindLiveObjects: 0.231700 ms CreateObjectMapping: 0.027200 ms MarkObjects: 1.590000 ms  DeleteObjects: 0.051600 ms)

========================================================================
Received Prepare
Registering precompiled user dll's ...
Registered in 0.000717 seconds.
Begin MonoManager ReloadAssembly
Native extension for WindowsStandalone target not found
Refreshing native plugins compatible for Editor in 0.22 ms, found 0 plugins.
Preloading 0 native plugins for Editor in 0.00 ms.
Mono: successfully reloaded assembly
- Completed reload, in  0.716 seconds
Platform modules already initialized, skipping
Refreshing native plugins compatible for Editor in 0.22 ms, found 0 plugins.
Preloading 0 native plugins for Editor in 0.00 ms.
Unloading 1113 Unused Serialized files (Serialized files now loaded: 0)
System memory in use before: 60.8 MB.
System memory in use after: 60.9 MB.

Unloading 5 unused Assets to reduce memory usage. Loaded Objects now: 1655.
Total: 1.895900 ms (FindLiveObjects: 0.210000 ms CreateObjectMapping: 0.054100 ms MarkObjects: 1.574900 ms  DeleteObjects: 0.055300 ms)

========================================================================
Received Import Request.
  Time since last request: 11.683059 seconds.
  path: Assets/_GameAssets/Scripts/EmisorEventos.cs
  artifactKey: Guid(7aac0cc3ea31efe489fb294807d8ca5f) Importer(815301076,1909f56bfc062723c751e8b465ee728b)
Start importing Assets/_GameAssets/Scripts/EmisorEventos.cs using Guid(7aac0cc3ea31efe489fb294807d8ca5f) Importer(815301076,1909f56bfc062723c751e8b465ee728b)  -> (artifact id: '1ed0db444cffd507cb8bcc4e7c9d42e8') in 0.004376 seconds
  Import took 0.006629 seconds .

========================================================================
Received Prepare
Registering precompiled user dll's ...
Registered in 0.000700 seconds.
Begin MonoManager ReloadAssembly
Native extension for WindowsStandalone target not found
Refreshing native plugins compatible for Editor in 0.22 ms, found 0 plugins.
Preloading 0 native plugins for Editor in 0.00 ms.
Mono: successfully reloaded assembly
- Completed reload, in  0.702 seconds
Platform modules already initialized, skipping
Refreshing native plugins compatible for Editor in 0.21 ms, found 0 plugins.
Preloading 0 native plugins for Editor in 0.00 ms.
Unloading 1113 Unused Serialized files (Serialized files now loaded: 0)
System memory in use before: 60.8 MB.
System memory in use after: 60.9 MB.

Unloading 5 unused Assets to reduce memory usage. Loaded Objects now: 1658.
Total: 1.567300 ms (FindLiveObjects: 0.180100 ms CreateObjectMapping: 0.026900 ms MarkObjects: 1.303200 ms  DeleteObjects: 0.054600 ms)

========================================================================
Received Import Request.
  Time since last request: 524.376902 seconds.
  path: Assets/_GameAssets/Scripts/GestorEventosCanvas.cs
  artifactKey: Guid(eed8dc1e58631104f9e65cfa7de44770) Importer(815301076,1909f56bfc062723c751e8b465ee728b)
Start importing Assets/_GameAssets/Scripts/GestorEventosCanvas.cs using Guid(eed8dc1e58631104f9e65cfa7de44770) Importer(815301076,1909f56bfc062723c751e8b465ee728b)  -> (artifact id: 'bce41f42519f5e6d05bcf4bf16a73753') in 0.008040 seconds
  Import took 0.010704 seconds .

========================================================================
Received Import Request.
  Time since last request: 1.685227 seconds.
  path: Assets/_GameAssets/Scripts/GestorEventosCanvas.cs
  artifactKey: Guid(eed8dc1e58631104f9e65cfa7de44770) Importer(815301076,1909f56bfc062723c751e8b465ee728b)
Start importing Assets/_GameAssets/Scripts/GestorEventosCanvas.cs using Guid(eed8dc1e58631104f9e65cfa7de44770) Importer(815301076,1909f56bfc062723c751e8b465ee728b)  -> (artifact id: 'bce41f42519f5e6d05bcf4bf16a73753') in 0.002469 seconds
  Import took 0.005147 seconds .

========================================================================
Received Prepare
Registering precompiled user dll's ...
Registered in 0.000637 seconds.
Begin MonoManager ReloadAssembly
Native extension for WindowsStandalone target not found
Refreshing native plugins compatible for Editor in 0.24 ms, found 0 plugins.
Preloading 0 native plugins for Editor in 0.00 ms.
Mono: successfully reloaded assembly
- Completed reload, in  0.722 seconds
Platform modules already initialized, skipping
Refreshing native plugins compatible for Editor in 0.21 ms, found 0 plugins.
Preloading 0 native plugins for Editor in 0.00 ms.
Unloading 1113 Unused Serialized files (Serialized files now loaded: 0)
System memory in use before: 60.8 MB.
System memory in use after: 60.9 MB.

Unloading 5 unused Assets to reduce memory usage. Loaded Objects now: 1661.
Total: 2.050400 ms (FindLiveObjects: 0.165700 ms CreateObjectMapping: 0.031300 ms MarkObjects: 1.798400 ms  DeleteObjects: 0.053800 ms)

========================================================================
Received Prepare
Registering precompiled user dll's ...
Registered in 0.000692 seconds.
Begin MonoManager ReloadAssembly
Native extension for WindowsStandalone target not found
Refreshing native plugins compatible for Editor in 0.22 ms, found 0 plugins.
Preloading 0 native plugins for Editor in 0.00 ms.
Mono: successfully reloaded assembly
- Completed reload, in  0.729 seconds
Platform modules already initialized, skipping
Refreshing native plugins compatible for Editor in 0.21 ms, found 0 plugins.
Preloading 0 native plugins for Editor in 0.00 ms.
Unloading 1113 Unused Serialized files (Serialized files now loaded: 0)
System memory in use before: 60.8 MB.
System memory in use after: 60.9 MB.

Unloading 5 unused Assets to reduce memory usage. Loaded Objects now: 1664.
Total: 1.870000 ms (FindLiveObjects: 0.236200 ms CreateObjectMapping: 0.058600 ms MarkObjects: 1.519800 ms  DeleteObjects: 0.053400 ms)

========================================================================
Received Prepare
Registering precompiled user dll's ...
Registered in 0.000601 seconds.
Begin MonoManager ReloadAssembly
Native extension for WindowsStandalone target not found
Refreshing native plugins compatible for Editor in 0.21 ms, found 0 plugins.
Preloading 0 native plugins for Editor in 0.00 ms.
Mono: successfully reloaded assembly
- Completed reload, in  0.692 seconds
Platform modules already initialized, skipping
Refreshing native plugins compatible for Editor in 0.21 ms, found 0 plugins.
Preloading 0 native plugins for Editor in 0.00 ms.
Unloading 1113 Unused Serialized files (Serialized files now loaded: 0)
System memory in use before: 60.8 MB.
System memory in use after: 60.9 MB.

Unloading 5 unused Assets to reduce memory usage. Loaded Objects now: 1667.
Total: 1.511600 ms (FindLiveObjects: 0.160000 ms CreateObjectMapping: 0.027300 ms MarkObjects: 1.267400 ms  DeleteObjects: 0.055200 ms)

========================================================================
Received Prepare
Registering precompiled user dll's ...
Registered in 0.000674 seconds.
Begin MonoManager ReloadAssembly
Native extension for WindowsStandalone target not found
Refreshing native plugins compatible for Editor in 0.22 ms, found 0 plugins.
Preloading 0 native plugins for Editor in 0.00 ms.
Mono: successfully reloaded assembly
- Completed reload, in  0.702 seconds
Platform modules already initialized, skipping
Refreshing native plugins compatible for Editor in 0.20 ms, found 0 plugins.
Preloading 0 native plugins for Editor in 0.00 ms.
Unloading 1113 Unused Serialized files (Serialized files now loaded: 0)
System memory in use before: 60.9 MB.
System memory in use after: 60.9 MB.

Unloading 5 unused Assets to reduce memory usage. Loaded Objects now: 1670.
Total: 2.152600 ms (FindLiveObjects: 0.206800 ms CreateObjectMapping: 0.053100 ms MarkObjects: 1.828800 ms  DeleteObjects: 0.061600 ms)

========================================================================
Received Prepare
Registering precompiled user dll's ...
Registered in 0.000654 seconds.
Begin MonoManager ReloadAssembly
Native extension for WindowsStandalone target not found
Refreshing native plugins compatible for Editor in 0.22 ms, found 0 plugins.
Preloading 0 native plugins for Editor in 0.00 ms.
Mono: successfully reloaded assembly
- Completed reload, in  0.709 seconds
Platform modules already initialized, skipping
Refreshing native plugins compatible for Editor in 0.27 ms, found 0 plugins.
Preloading 0 native plugins for Editor in 0.00 ms.
Unloading 1113 Unused Serialized files (Serialized files now loaded: 0)
System memory in use before: 60.9 MB.
System memory in use after: 60.9 MB.

Unloading 5 unused Assets to reduce memory usage. Loaded Objects now: 1673.
Total: 2.628800 ms (FindLiveObjects: 0.274500 ms CreateObjectMapping: 0.073200 ms MarkObjects: 2.224200 ms  DeleteObjects: 0.055300 ms)

========================================================================
Received Prepare
Registering precompiled user dll's ...
Registered in 0.000588 seconds.
Begin MonoManager ReloadAssembly
Native extension for WindowsStandalone target not found
Refreshing native plugins compatible for Editor in 0.24 ms, found 0 plugins.
Preloading 0 native plugins for Editor in 0.00 ms.
Mono: successfully reloaded assembly
- Completed reload, in  0.724 seconds
Platform modules already initialized, skipping
Refreshing native plugins compatible for Editor in 0.21 ms, found 0 plugins.
Preloading 0 native plugins for Editor in 0.00 ms.
Unloading 1113 Unused Serialized files (Serialized files now loaded: 0)
System memory in use before: 60.9 MB.
System memory in use after: 60.9 MB.

Unloading 5 unused Assets to reduce memory usage. Loaded Objects now: 1676.
Total: 1.669300 ms (FindLiveObjects: 0.173400 ms CreateObjectMapping: 0.028100 ms MarkObjects: 1.413800 ms  DeleteObjects: 0.052600 ms)

AssetImportWorkerClient::OnTransportError - code=2 error=End of file
